<?xml version="1.0" encoding="UTF-8"?>
<!-- Generated by org.testng.reporters.JUnitReportReporter -->
<testsuite hostname="VBX00245" name="Runnner.Testrunner02It" tests="1" failures="0" timestamp="21 Jan 2020 05:53:49 GMT" time="0.047" errors="0">
  <testcase name="feature" time="0.047" classname="Runnner.Testrunner02It"/>
</testsuite> <!-- Runnner.Testrunner02It -->
