<?xml version="1.0" encoding="UTF-8"?>
<!-- Generated by org.testng.reporters.JUnitReportReporter -->
<testsuite hostname="VBX00245" name="Runnner.Testrunner01It" tests="2" failures="0" timestamp="14 Apr 2020 13:46:20 GMT" time="65.345" errors="0">
  <testcase name="feature" time="42.507" classname="Runnner.Testrunner01It"/>
  <testcase name="feature" time="22.838" classname="Runnner.Testrunner01It"/>
</testsuite> <!-- Runnner.Testrunner01It -->
