<?xml version="1.0" encoding="UTF-8"?>
<!-- Generated by org.testng.reporters.JUnitReportReporter -->
<testsuite hostname="VMEXTPRS17348" name="com.snow.base.TestBase" tests="1" failures="0" timestamp="8 Apr 2019 14:23:53 GMT" time="8.481" errors="0">
  <testcase name="initialization" time="8.481" classname="com.snow.base.TestBase"/>
</testsuite> <!-- com.snow.base.TestBase -->
