<?xml version="1.0" encoding="UTF-8"?>
<!-- Generated by org.testng.reporters.JUnitReportReporter -->
<testsuite hostname="VMEXTPRS17348" name="com.snow.testcases.TC01_PermissionModel_TestNg" tests="1" failures="0" timestamp="22 May 2019 11:02:22 GMT" time="209.706" errors="0">
  <testcase name="Perfor_All_Steps_Of_TestCase" time="209.706" classname="com.snow.testcases.TC01_PermissionModel_TestNg"/>
</testsuite> <!-- com.snow.testcases.TC01_PermissionModel_TestNg -->
